#
# There is insufficient memory for the Java Runtime Environment to continue.
# Native memory allocation (malloc) failed to allocate 1048576 bytes for AllocateHeap
# Possible reasons:
#   The system is out of physical RAM or swap space
#   In 32 bit mode, the process size limit was hit
# Possible solutions:
#   Reduce memory load on the system
#   Increase physical memory or swap space
#   Check if swap backing store is full
#   Use 64 bit Java on a 64 bit OS
#   Decrease Java heap size (-Xmx/-Xms)
#   Decrease number of Java threads
#   Decrease Java thread stack sizes (-Xss)
#   Set larger code cache with -XX:ReservedCodeCacheSize=
# This output file may be truncated or incomplete.
#
#  Out of Memory Error (memory/allocation.inline.hpp:61), pid=27204, tid=0x0000000000005df8
#
# JRE version:  (8.0_181-b13) (build )
# Java VM: Java HotSpot(TM) 64-Bit Server VM (25.181-b13 mixed mode windows-amd64 compressed oops)
# Failed to write core dump. Minidumps are not enabled by default on client versions of Windows
#

---------------  T H R E A D  ---------------

Current thread (0x0000000003742800):  JavaThread "Unknown thread" [_thread_in_vm, id=24056, stack(0x0000000003640000,0x0000000003740000)]

Stack: [0x0000000003640000,0x0000000003740000]
[error occurred during error reporting (printing stack bounds), id 0xc0000005]

Native frames: (J=compiled Java code, j=interpreted, Vv=VM code, C=native code)


---------------  P R O C E S S  ---------------

Java Threads: ( => current thread )

Other Threads:

=>0x0000000003742800 (exited) JavaThread "Unknown thread" [_thread_in_vm, id=24056, stack(0x0000000003640000,0x0000000003740000)]

VM state:not at safepoint (normal execution)

VM Mutex/Monitor currently owned by a thread: None

Heap:
 PSYoungGen      total 76288K, used 1310K [0x000000076b380000, 0x0000000770880000, 0x00000007c0000000)
  eden space 65536K, 2% used [0x000000076b380000,0x000000076b4c7af0,0x000000076f380000)
  from space 10752K, 0% used [0x000000076fe00000,0x000000076fe00000,0x0000000770880000)
  to   space 10752K, 0% used [0x000000076f380000,0x000000076f380000,0x000000076fe00000)
 ParOldGen       total 175104K, used 0K [0x00000006c1a00000, 0x00000006cc500000, 0x000000076b380000)
  object space 175104K, 0% used [0x00000006c1a00000,0x00000006c1a00000,0x00000006cc500000)
 Metaspace       used 751K, capacity 4480K, committed 4480K, reserved 1056768K
  class space    used 76K, capacity 384K, committed 384K, reserved 1048576K

Card table byte_map: [0x0000000012c00000,0x0000000013400000] byte_map_base: 0x000000000f5f3000

Marking Bits: (ParMarkBitMap*) 0x0000000054232d00
 Begin Bits: [0x0000000014150000, 0x00000000180e8000)
 End Bits:   [0x00000000180e8000, 0x000000001c080000)

Polling page: 0x0000000000ff0000

CodeCache: size=245760Kb used=328Kb max_used=328Kb free=245431Kb
 bounds [0x0000000003840000, 0x0000000003ab0000, 0x0000000012840000]
 total_blobs=58 nmethods=0 adapters=38
 compilation: enabled

Compilation events (0 events):
No events

GC Heap History (0 events):
No events

Deoptimization events (0 events):
No events

Classes redefined (0 events):
No events

Internal exceptions (0 events):
No events

Events (10 events):
Event: 0.035 loading class java/lang/Short
Event: 0.035 loading class java/lang/Short done
Event: 0.035 loading class java/lang/Integer
Event: 0.036 loading class java/lang/Integer done
Event: 0.036 loading class java/lang/Long
Event: 0.036 loading class java/lang/Long done
Event: 0.036 loading class java/lang/NullPointerException
Event: 0.036 loading class java/lang/NullPointerException done
Event: 0.036 loading class java/lang/ArithmeticException
Event: 0.036 loading class java/lang/ArithmeticException done


Dynamic libraries:
0x00007ff6d82c0000 - 0x00007ff6d82f7000 	C:\Program Files (x86)\Common Files\Oracle\Java\javapath\java.exe
0x00007ff8e7a90000 - 0x00007ff8e7c71000 	C:\WINDOWS\SYSTEM32\ntdll.dll
0x00007ff8e5050000 - 0x00007ff8e5101000 	C:\WINDOWS\System32\KERNEL32.DLL
0x00007ff8e4900000 - 0x00007ff8e4b73000 	C:\WINDOWS\System32\KERNELBASE.dll
0x00007ff8e6cd0000 - 0x00007ff8e6d71000 	C:\WINDOWS\System32\ADVAPI32.dll
0x00007ff8e73b0000 - 0x00007ff8e744e000 	C:\WINDOWS\System32\msvcrt.dll
0x00007ff8e6560000 - 0x00007ff8e65bb000 	C:\WINDOWS\System32\sechost.dll
0x00007ff8e7910000 - 0x00007ff8e7a34000 	C:\WINDOWS\System32\RPCRT4.dll
0x00007ff8e7600000 - 0x00007ff8e7790000 	C:\WINDOWS\System32\USER32.dll
0x00007ff8e4650000 - 0x00007ff8e4670000 	C:\WINDOWS\System32\win32u.dll
0x00007ff8e7880000 - 0x00007ff8e78a8000 	C:\WINDOWS\System32\GDI32.dll
0x00007ff8e4c30000 - 0x00007ff8e4dc1000 	C:\WINDOWS\System32\gdi32full.dll
0x00007ff8e4860000 - 0x00007ff8e48ff000 	C:\WINDOWS\System32\msvcp_win.dll
0x00007ff8e4dd0000 - 0x00007ff8e4ec8000 	C:\WINDOWS\System32\ucrtbase.dll
0x00007ff8d7c90000 - 0x00007ff8d7ef9000 	C:\WINDOWS\WinSxS\amd64_microsoft.windows.common-controls_6595b64144ccf1df_6.0.17134.829_none_fb46a5473061b9d5\COMCTL32.dll
0x00007ff8e6690000 - 0x00007ff8e69b2000 	C:\WINDOWS\System32\combase.dll
0x00007ff8e3ec0000 - 0x00007ff8e3f3a000 	C:\WINDOWS\System32\bcryptPrimitives.dll
0x00007ff8e65c0000 - 0x00007ff8e65ed000 	C:\WINDOWS\System32\IMM32.DLL
0x00000000542c0000 - 0x0000000054392000 	C:\Program Files\Java\jre1.8.0_181\bin\msvcr100.dll
0x0000000053a10000 - 0x00000000542b2000 	C:\Program Files\Java\jre1.8.0_181\bin\server\jvm.dll
0x00007ff8e75f0000 - 0x00007ff8e75f8000 	C:\WINDOWS\System32\PSAPI.DLL
0x00007ff8df890000 - 0x00007ff8df8b3000 	C:\WINDOWS\SYSTEM32\WINMM.dll
0x00007ff8d8fe0000 - 0x00007ff8d8fea000 	C:\WINDOWS\SYSTEM32\VERSION.dll
0x00007ff8dd310000 - 0x00007ff8dd319000 	C:\WINDOWS\SYSTEM32\WSOCK32.dll
0x00007ff8e6ef0000 - 0x00007ff8e6f5c000 	C:\WINDOWS\System32\WS2_32.dll
0x00007ff8df860000 - 0x00007ff8df88a000 	C:\WINDOWS\SYSTEM32\winmmbase.dll
0x00007ff8e4ed0000 - 0x00007ff8e4f19000 	C:\WINDOWS\System32\cfgmgr32.dll
0x0000000056d10000 - 0x0000000056d1f000 	C:\Program Files\Java\jre1.8.0_181\bin\verify.dll
0x0000000056900000 - 0x0000000056929000 	C:\Program Files\Java\jre1.8.0_181\bin\java.dll
0x00000000555c0000 - 0x00000000555d6000 	C:\Program Files\Java\jre1.8.0_181\bin\zip.dll

VM Arguments:
java_command: <unknown>
java_class_path (initial): .
Launcher Type: SUN_STANDARD

Environment Variables:
PATH=C:\Users\16451\bin;E:\Git\mingw64\bin;E:\Git\usr\local\bin;E:\Git\usr\bin;E:\Git\usr\bin;E:\Git\mingw64\bin;E:\Git\usr\bin;C:\Users\16451\bin;C:\Program Files (x86)\Common Files\Oracle\Java\javapath;C:\ProgramData\Oracle\Java\javapath;C:\Windows\system32;C:\Windows;C:\Windows\System32\Wbem;C:\Windows\System32\WindowsPowerShell\v1.0;C:\Program Files (x86)\NVIDIA Corporation\PhysX\Common;E:\MATLAB\bin;C:\Program Files (x86)\GtkSharp\2.12\bin;E:\vagrant\bin;E:\composer;E:\PuTTy;E:\phpstudy\php\php-7.1.15-nts;C:\ProgramData\chocolatey\bin;E:\yarn\bin;C:\Users\16451\AppData\Local\Android\Sdk;C:\Gradle\gradle-4.8\bin;C:\WINDOWS\system32;C:\WINDOWS;C:\WINDOWS\System32\Wbem;C:\WINDOWS\System32\WindowsPowerShell\v1.0;C:\WINDOWS\System32\OpenSSH;E:\nodejs;E:\Git\cmd;C:\opt\ros\melodic\x64\bin;E:\OpenCV3\opencv\build\x64\vc15\bin;E:\CMake\bin;C:\Users\16451\AppData\Local\Programs\Python\Python36;C:\Users\16451\AppData\Local\Programs\Python\Python36\Scripts;C:\Users\16451\AppData\Local\Programs\Python\Python36;C:\opt;C:\Users\16451\AppData\Local\Microsoft\WindowsApps;C:\Users\16451\AppData\Roaming\Composer\vendor\bin;E:\phpunit;E:\phpstudy\php\php-7.1.15-nts;C:\Users\16451\AppData\Local\Yarn\bin;C:\Users\16451\AppData\Roaming\npm;E:\FGPA\FGPA\modelsim_ase\win32aloem;C:\libjpeg-turbo64\bin;C:\Program Files\Mercurial;C:\opt\Scripts;E:\Git\usr\bin\vendor_perl;E:\Git\usr\bin\core_perl
USERNAME=16451
SHELL=E:\Git\usr\bin\bash.exe
DISPLAY=needs-to-be-defined
OS=Windows_NT
PROCESSOR_IDENTIFIER=Intel64 Family 6 Model 158 Stepping 9, GenuineIntel



---------------  S Y S T E M  ---------------

OS: Windows 10.0 , 64 bit Build 17134 (10.0.17134.753)

CPU:total 8 (initial active 8) (4 cores per cpu, 2 threads per core) family 6 model 158 stepping 9, cmov, cx8, fxsr, mmx, sse, sse2, sse3, ssse3, sse4.1, sse4.2, popcnt, avx, avx2, aes, clmul, erms, 3dnowpref, lzcnt, ht, tsc, tscinvbit, bmi1, bmi2, adx

Memory: 4k page, physical 16666788k(2992468k free), swap 16666788k(6500k free)

vm_info: Java HotSpot(TM) 64-Bit Server VM (25.181-b13) for windows-amd64 JRE (1.8.0_181-b13), built on Jul  7 2018 04:01:33 by "java_re" with MS VC++ 10.0 (VS2010)

time: Fri Jul 05 20:28:34 2019
elapsed time: 0 seconds (0d 0h 0m 0s)

